"../../../Engine/Content/Functions/Engine_MaterialFunctions02/Utility/BlendAngleCorrectedNormals.uasset" 0
"../../../Engine/Content/Functions/MaterialLayerFunctions/MatLayerBlend_NormalBlend.uasset" 1
"../../../Engine/Content/Functions/MaterialLayerFunctions/MatLayerBlend_Simple.uasset" 2
"../../../Pointman/Content/FirstPerson/Character/Materials/MaterialLayers/T_ML_Rubber_Blue_01_D.uasset" 3
"../../../Pointman/Content/FirstPerson/Character/Materials/MaterialLayers/T_ML_Rubber_Blue_01_N.uasset" 4
"../../../Pointman/Content/FirstPerson/Character/Materials/MaterialLayers/ML_GlossyBlack_Latex_UE4.uasset" 5
"../../../Pointman/Content/FirstPerson/Character/Materials/MaterialLayers/ML_Plastic_Shiny_Beige.uasset" 6
"../../../Pointman/Content/FirstPerson/Character/Textures/UE4_LOGO_CARD.uasset" 7
"../../../Pointman/Content/FirstPerson/Character/Materials/MaterialLayers/ML_Plastic_Shiny_Beige_LOGO.uasset" 8
"../../../Pointman/Content/FirstPerson/Character/Materials/MaterialLayers/T_ML_Aluminum01.uasset" 9
"../../../Pointman/Content/FirstPerson/Character/Materials/MaterialLayers/T_ML_Aluminum01_N.uasset" 10
"../../../Pointman/Content/FirstPerson/Character/Materials/MaterialLayers/ML_SoftMetal_UE4.uasset" 11
"../../../Pointman/Content/FirstPerson/Character/Textures/UE4_Mannequin__normals.uasset" 12
"../../../Pointman/Content/FirstPerson/Character/Textures/UE4_Mannequin_MAT_MASKA.uasset" 13
"../../../Pointman/Content/FirstPerson/Character/Materials/M_UE4Man_Body.uasset" 14
"../../../Pointman/Content/FirstPerson/Character/Mesh/SK_Mannequin_Arms_PhysicsAsset.uasset" 15
"../../../Pointman/Content/FirstPerson/Character/Mesh/SK_Mannequin_Arms.uasset" 16
"../../../Pointman/Content/FirstPerson/Character/Mesh/SK_Mannequin_Arms_Skeleton.uasset" 17
"../../../Pointman/Content/FirstPerson/Animations/FirstPerson_Idle.uasset" 18
"../../../Pointman/Content/FirstPerson/Animations/FirstPerson_JumpEnd.uasset" 19
"../../../Pointman/Content/FirstPerson/Animations/FirstPerson_JumpLoop.uasset" 20
"../../../Pointman/Content/FirstPerson/Animations/FirstPerson_JumpStart.uasset" 21
"../../../Pointman/Content/FirstPerson/Animations/FirstPerson_Run.uasset" 22
"../../../Engine/Content/EditorBlueprintResources/StandardMacros.uasset" 23
"../../../Pointman/Content/FirstPerson/Animations/FirstPerson_AnimBP.uasset" 24
"../../../Pointman/Content/FirstPerson/Textures/FirstPersonCrosshair.uasset" 25
"../../../Pointman/Content/FirstPersonBP/Blueprints/FirstPersonHUD.uasset" 26
"../../../Pointman/Content/FirstPersonBP/Blueprints/MyGameInstance.uasset" 27
"../../../Pointman/Content/FirstPersonBP/Blueprints/EnemyDestination.uasset" 28
"../../../Pointman/Content/MobileStarterContent/Textures/T_Metal_Aluminum_D.uasset" 29
"../../../Pointman/Content/MobileStarterContent/Textures/T_Metal_Gold_N.uasset" 30
"../../../Pointman/Content/MobileStarterContent/Materials/M_Metal_Burnished_Steel.uasset" 31
"../../../Pointman/Content/MobileStarterContent/Textures/T_Smoke_SubUV.uasset" 32
"../../../Pointman/Content/MobileStarterContent/Textures/T_Smoke_Tiled_D.uasset" 33
"../../../Pointman/Content/MobileStarterContent/Particles/Materials/M_smoke_subUV.uasset" 34
"../../../Pointman/Content/FirstPerson/Particles/P_Trail.uasset" 35
"../../../Pointman/Content/FirstPerson/Textures/Custom_textures/lambert1.uasset" 36
"../../../Pointman/Content/FirstPerson/Textures/Pointman_Missile_Prototype_1.uasset" 37
"../../../Pointman/Content/FirstPersonBP/Blueprints/Jet_Missile.uasset" 38
"../../../Pointman/Content/MobileStarterContent/Materials/M_Glass.uasset" 39
"../../../Pointman/Content/MobileStarterContent/Textures/T_Chair_M.uasset" 40
"../../../Pointman/Content/MobileStarterContent/Textures/T_Chair_N.uasset" 41
"../../../Pointman/Content/MobileStarterContent/Props/Materials/M_Chair.uasset" 42
"../../../Pointman/Content/FirstPerson/Textures/Pointman_Jet_Prototype_2.uasset" 43
"../../../Pointman/Content/FirstPersonBP/Blueprints/Pointman_Jet_Prototype_2.uasset" 44
"../../../Pointman/Content/MobileStarterContent/Textures/T_Fire_SubUV.uasset" 45
"../../../Pointman/Content/MobileStarterContent/Textures/T_Fire_Tiled_D.uasset" 46
"../../../Pointman/Content/MobileStarterContent/Particles/Materials/M_Fire_SubUV.uasset" 47
"../../../Engine/Content/Functions/Engine_MaterialFunctions01/Gradient/RadialGradient.uasset" 48
"../../../Pointman/Content/MobileStarterContent/Particles/Materials/M_Radial_Gradient.uasset" 49
"../../../Pointman/Content/FirstPerson/Particles/P_Plasma.uasset" 50
"../../../Pointman/Content/FirstPersonBP/Blueprints/Plasma_missile.uasset" 51
"../../../Pointman/Content/FirstPersonBP/Blueprints/Pointman_missile.uasset" 52
"../../../Pointman/Content/FirstPersonBP/Blueprints/Pointman_save.uasset" 53
"../../../Pointman/Content/MobileStarterContent/Textures/T_Metal_Steel_D.uasset" 54
"../../../Pointman/Content/MobileStarterContent/Textures/T_Metal_Steel_N.uasset" 55
"../../../Pointman/Content/MobileStarterContent/Materials/M_Metal_Steel.uasset" 56
"../../../Pointman/Content/MobileStarterContent/Textures/T_Frame_M.uasset" 57
"../../../Pointman/Content/MobileStarterContent/Textures/T_Frame_N.uasset" 58
"../../../Pointman/Content/MobileStarterContent/Props/Materials/M_Frame.uasset" 59
"../../../Pointman/Content/FirstPerson/Textures/Pointman_Tank_Prototype_2.uasset" 60
"../../../Pointman/Content/FirstPersonBP/Blueprints/Pointman_Tank.uasset" 61
"../../../Pointman/Content/FirstPerson/Audio/beamnoise.uasset" 62
"../../../Pointman/Content/FirstPerson/Audio/FirstPersonTemplateWeaponFire02.uasset" 63
"../../../Pointman/Content/FirstPerson/FPWeapon/Mesh/button.uasset" 64
"../../../Pointman/Content/FirstPerson/FPWeapon/Mesh/joystick.uasset" 65
"../../../Pointman/Content/FirstPerson/FPWeapon/Mesh/lambert5.uasset" 66
"../../../Pointman/Content/FirstPerson/FPWeapon/Mesh/missile_backend.uasset" 67
"../../../Pointman/Content/FirstPerson/FPWeapon/Mesh/missile_blue.uasset" 68
"../../../Pointman/Content/FirstPerson/FPWeapon/Mesh/missile_white.uasset" 69
"../../../Pointman/Content/FirstPerson/FPWeapon/Mesh/Pointman_turret_PhysicsAsset.uasset" 70
"../../../Pointman/Content/FirstPerson/FPWeapon/Mesh/Pointman_turret_Skeleton.uasset" 71
"../../../Pointman/Content/FirstPerson/FPWeapon/Mesh/Pointman_turret.uasset" 72
"../../../Pointman/Content/FirstPerson/Textures/Mat_Beam.uasset" 73
"../../../Pointman/Content/FirstPerson/Particles/P_Beam.uasset" 74
"../../../Pointman/Content/gear.uasset" 75
"../../../Pointman/Content/FirstPersonBP/HUD_AP.uasset" 76
"../../../Pointman/Content/FirstPersonBP/Blueprints/FirstPersonCharacter.uasset" 77
"../../../Engine/Content/EngineSky/C_Sky_Cloud_Color.uasset" 78
"../../../Engine/Content/EngineSky/C_Sky_Horizon_Color.uasset" 79
"../../../Engine/Content/EngineSky/C_Sky_Zenith_Color.uasset" 80
"../../../Engine/Content/EngineSky/T_Sky_Blue.uasset" 81
"../../../Engine/Content/EngineSky/T_Sky_Clouds_M.uasset" 82
"../../../Engine/Content/EngineSky/T_Sky_Stars.uasset" 83
"../../../Engine/Content/EngineSky/SM_SkySphere.uasset" 84
"../../../Engine/Content/EngineSky/M_Sky_Panning_Clouds2.uasset" 85
"../../../Engine/Content/EngineSky/BP_Sky_Sphere.uasset" 86
"../../../Engine/Content/EngineFonts/RobotoDistanceField.uasset" 87
"../../../Engine/Content/Functions/Engine_MaterialFunctions03/Procedurals/ComputeFilterWidth.uasset" 88
"../../../Engine/Content/EngineMaterials/AntiAliasedTextMaterialTranslucent.uasset" 89
"../../../Engine/Content/Functions/Engine_MaterialFunctions01/Opacity/CameraDepthFade.uasset" 90
"../../../Engine/Content/EngineMaterials/T_Default_Material_Grid_M.uasset" 91
"../../../Engine/Content/EngineMaterials/T_Default_Material_Grid_N.uasset" 92
"../../../Engine/Content/EngineMaterials/WorldGridMaterial.uasset" 93
"../../../Pointman/Content/FirstPerson/Textures/Custom_textures/Back_Button_text.uasset" 94
"../../../Pointman/Content/FirstPerson/Textures/Custom_textures/missile_blue.uasset" 95
"../../../Pointman/Content/FirstPerson/Textures/Custom_textures/missile_white.uasset" 96
"../../../Pointman/Content/FirstPerson/Textures/Custom_textures/tank_temp_gear.uasset" 97
"../../../Pointman/Content/Geometry/Meshes/CubeMaterial.uasset" 98
"../../../Pointman/Content/MobileStarterContent/Textures/T_Concrete_Tiles_D.uasset" 99
"../../../Pointman/Content/MobileStarterContent/Textures/T_Concrete_Tiles_M.uasset" 100
"../../../Pointman/Content/MobileStarterContent/Textures/T_Concrete_Tiles_N.uasset" 101
"../../../Pointman/Content/MobileStarterContent/Materials/M_Concrete_Tiles.uasset" 102
"../../../Pointman/Content/MobileStarterContent/Textures/T_Shelf_M.uasset" 103
"../../../Pointman/Content/MobileStarterContent/Textures/T_Shelf_N.uasset" 104
"../../../Pointman/Content/MobileStarterContent/Props/Materials/M_Shelf.uasset" 105
"../../../Pointman/Content/FirstPerson/Textures/Custom_textures/Pointman_1_number_transparency.uasset" 106
"../../../Pointman/Content/FirstPerson/Textures/Custom_textures/Pointman_1_texture.uasset" 107
"../../../Pointman/Content/FirstPerson/Textures/1_Button.uasset" 108
"../../../Pointman/Content/FirstPerson/Textures/Custom_textures/Pointman_2_Texture.uasset" 109
"../../../Pointman/Content/FirstPerson/Textures/Custom_textures/Pointman_2_Transparency.uasset" 110
"../../../Pointman/Content/FirstPerson/Textures/2_button.uasset" 111
"../../../Pointman/Content/FirstPerson/Textures/Custom_textures/Pointman_3_Texture.uasset" 112
"../../../Pointman/Content/FirstPerson/Textures/Custom_textures/Pointman_3_Transparency.uasset" 113
"../../../Pointman/Content/FirstPerson/Textures/3_button.uasset" 114
"../../../Pointman/Content/FirstPerson/Textures/Custom_textures/Pointman_4_Texture.uasset" 115
"../../../Pointman/Content/FirstPerson/Textures/Custom_textures/Pointman_4_Transparency.uasset" 116
"../../../Pointman/Content/FirstPerson/Textures/4_button.uasset" 117
"../../../Pointman/Content/FirstPerson/Textures/Custom_textures/Pointman_5_Texture.uasset" 118
"../../../Pointman/Content/FirstPerson/Textures/Custom_textures/Pointman_5_Transparency.uasset" 119
"../../../Pointman/Content/FirstPerson/Textures/5_button.uasset" 120
"../../../Pointman/Content/FirstPerson/Textures/Back_button.uasset" 121
"../../../Pointman/Content/FirstPerson/Textures/Custom_textures/beam_weaponbutton_text.uasset" 122
"../../../Pointman/Content/FirstPerson/Textures/Custom_textures/beam_weaponbutton_transparency.uasset" 123
"../../../Pointman/Content/FirstPerson/Textures/beam_weaponbutton.uasset" 124
"../../../Pointman/Content/FirstPerson/Textures/Custom_textures/biggun_weaponbutton_text.uasset" 125
"../../../Pointman/Content/FirstPerson/Textures/Custom_textures/biggun_weaponbutton_transparency.uasset" 126
"../../../Pointman/Content/FirstPerson/Textures/biggun_weaponbutton.uasset" 127
"../../../Pointman/Content/FirstPerson/Textures/Custom_textures/default_weaponbutton_text.uasset" 128
"../../../Pointman/Content/FirstPerson/Textures/Custom_textures/default_weaponbutton_transparency.uasset" 129
"../../../Pointman/Content/FirstPerson/Textures/default_weaponbutton.uasset" 130
"../../../Pointman/Content/FirstPerson/Textures/How_to_play_Pointman.uasset" 131
"../../../Pointman/Content/FirstPerson/Textures/Custom_textures/INFO_Texture.uasset" 132
"../../../Pointman/Content/FirstPerson/Textures/Custom_textures/INFO_Transparent_Texture.uasset" 133
"../../../Pointman/Content/FirstPerson/Textures/Info_Button.uasset" 134
"../../../Pointman/Content/FirstPerson/Textures/Pointman_Logo_gimp_test_2.uasset" 135
"../../../Pointman/Content/FirstPerson/Textures/Custom_textures/Logo_2.uasset" 136
"../../../Pointman/Content/FirstPerson/Textures/logo_block_export.uasset" 137
"../../../Pointman/Content/FirstPerson/Textures/Custom_textures/OPTIONS_TEXTURE.uasset" 138
"../../../Pointman/Content/FirstPerson/Textures/Custom_textures/OPTIONS_TRANSPARENT_TEXTURE.uasset" 139
"../../../Pointman/Content/FirstPerson/Textures/Options_Button.uasset" 140
"../../../Pointman/Content/FirstPerson/Textures/Custom_textures/plasma_weaponbutton_test.uasset" 141
"../../../Pointman/Content/FirstPerson/Textures/Custom_textures/plasma_weaponbutton_transparency.uasset" 142
"../../../Pointman/Content/FirstPerson/Textures/plasma_weaponbutton.uasset" 143
"../../../Pointman/Content/FirstPerson/Textures/Pointman_Credits.uasset" 144
"../../../Pointman/Content/FirstPerson/Textures/Custom_textures/creditslogo.uasset" 145
"../../../Pointman/Content/FirstPerson/Textures/lambert1.uasset" 146
"../../../Pointman/Content/FirstPerson/Textures/Pointman_Credits_logo.uasset" 147
"../../../Pointman/Content/FirstPerson/Textures/Custom_textures/howtoplay.uasset" 148
"../../../Pointman/Content/FirstPerson/Textures/Pointman_howtoplay_logo.uasset" 149
"../../../Pointman/Content/FirstPerson/Textures/Custom_textures/Sensitivity_label2.uasset" 150
"../../../Pointman/Content/FirstPerson/Textures/Custom_textures/Sensitivity_Transparency.uasset" 151
"../../../Pointman/Content/FirstPerson/Textures/Sensitivity_label.uasset" 152
"../../../Pointman/Content/FirstPerson/Textures/Custom_textures/START_Texture.uasset" 153
"../../../Pointman/Content/FirstPerson/Textures/Custom_textures/START_Transparent_Texture.uasset" 154
"../../../Pointman/Content/FirstPerson/Textures/Start_Button.uasset" 155
"../../../Pointman/Content/FirstPerson/Textures/Custom_textures/upgrade_label_text.uasset" 156
"../../../Pointman/Content/FirstPerson/Textures/Custom_textures/upgrade_label_transparency.uasset" 157
"../../../Pointman/Content/FirstPerson/Textures/upgrades_label.uasset" 158
"../../../Pointman/Content/Geometry/Meshes/1M_Cube.uasset" 159
"../../../Pointman/Content/FirstPersonBP/Maps/FirstPersonExampleMap.umap" 160
"../../../Engine/Content/EngineMaterials/DefaultMaterial.uasset" 161
"../../../Engine/Content/EngineMaterials/DefaultDiffuse.uasset" 162
"../../../Engine/Content/EngineMaterials/DefaultNormal.uasset" 163
"../../../Engine/Content/Maps/Entry.umap" 164
"../../../Pointman/Content/FirstPersonBP/Maps/Landscape/Grass_LayerInfo.uasset" 165
"../../../Pointman/Content/FirstPersonBP/Maps/Landscape/Rock_LayerInfo.uasset" 166
"../../../Pointman/Content/FirstPersonBP/Maps/Landscape/Sand_LayerInfo.uasset" 167
"../../../Pointman/Content/MobileStarterContent/Textures/T_Ground_Grass_D.uasset" 168
"../../../Pointman/Content/MobileStarterContent/Textures/T_Ground_Grass_N.uasset" 169
"../../../Pointman/Content/MobileStarterContent/Textures/T_Rock_Basalt_D.uasset" 170
"../../../Pointman/Content/MobileStarterContent/Textures/T_Rock_Basalt_N.uasset" 171
"../../../Pointman/Content/MobileStarterContent/Textures/T_Rock_Sandstone_D.uasset" 172
"../../../Pointman/Content/MobileStarterContent/Textures/T_Rock_Sandstone_N.uasset" 173
"../../../Pointman/Content/FirstPersonBP/Maps/Landscape/ActionStage_Landscape.uasset" 174
"../../../Engine/Content/EngineMaterials/DefaultPhysicalMaterial.uasset" 175
"../../../Pointman/Content/FirstPersonBP/Maps/Action_Stage.umap" 176
"../../../Pointman/Content/MobileStarterContent/Materials/M_Basic_Floor.uasset" 177
"../../../Pointman/Content/MobileStarterContent/Architecture/Floor_400x400.uasset" 178
"../../../Pointman/Content/MobileStarterContent/Props/SM_Chair.uasset" 179
"../../../Pointman/Content/MobileStarterContent/Textures/T_Statue_M.uasset" 180
"../../../Pointman/Content/MobileStarterContent/Textures/T_Statue_N.uasset" 181
"../../../Pointman/Content/MobileStarterContent/Props/Materials/M_Statue.uasset" 182
"../../../Pointman/Content/MobileStarterContent/Props/Materials/M_StatueGlass.uasset" 183
"../../../Pointman/Content/MobileStarterContent/Props/SM_Statue.uasset" 184
"../../../Pointman/Content/MobileStarterContent/Textures/T_TableRound_M.uasset" 185
"../../../Pointman/Content/MobileStarterContent/Textures/T_TableRound_N.uasset" 186
"../../../Pointman/Content/MobileStarterContent/Props/Materials/M_TableRound.uasset" 187
"../../../Pointman/Content/MobileStarterContent/Props/SM_TableRound.uasset" 188
"../../../Pointman/Content/MobileStarterContent/Maps/Minimal_Default.umap" 189
"../../../Pointman/Content/MobileStarterContent/Audio/Fire01.uasset" 190
"../../../Pointman/Content/MobileStarterContent/Audio/Fire01_Cue.uasset" 191
"../../../Pointman/Content/MobileStarterContent/Particles/P_Fire.uasset" 192
"../../../Pointman/Content/MobileStarterContent/Blueprints/Blueprint_Effect_Fire.uasset" 193
"../../../Pointman/Content/MobileStarterContent/Audio/Smoke01.uasset" 194
"../../../Pointman/Content/MobileStarterContent/Audio/Smoke01_Cue.uasset" 195
"../../../Pointman/Content/MobileStarterContent/Particles/P_Smoke.uasset" 196
"../../../Pointman/Content/MobileStarterContent/Blueprints/Blueprint_Effect_Smoke.uasset" 197
"../../../Pointman/Content/MobileStarterContent/Audio/Fire_Sparks01.uasset" 198
"../../../Pointman/Content/MobileStarterContent/Audio/Fire_Sparks01_Cue.uasset" 199
"../../../Pointman/Content/MobileStarterContent/Textures/T_Spark_Core.uasset" 200
"../../../Pointman/Content/MobileStarterContent/Particles/Materials/M_Spark.uasset" 201
"../../../Pointman/Content/MobileStarterContent/Particles/P_Sparks.uasset" 202
"../../../Pointman/Content/MobileStarterContent/Blueprints/Blueprint_Effect_Sparks.uasset" 203
"../../../Pointman/Content/MobileStarterContent/Textures/T_Lamp_M.uasset" 204
"../../../Pointman/Content/MobileStarterContent/Textures/T_Lamp_N.uasset" 205
"../../../Pointman/Content/MobileStarterContent/Props/Materials/M_Lamp.uasset" 206
"../../../Pointman/Content/MobileStarterContent/Props/SM_Lamp_Ceiling.uasset" 207
"../../../Pointman/Content/MobileStarterContent/Blueprints/Blueprint_CeilingLight.uasset" 208
"../../../Pointman/Content/MobileStarterContent/Props/SM_Lamp_Wall.uasset" 209
"../../../Pointman/Content/MobileStarterContent/Blueprints/Blueprint_WallSconce.uasset" 210
"../../../Pointman/Content/MobileStarterContent/Textures/T_Brick_Clay_Beveled_D.uasset" 211
"../../../Pointman/Content/MobileStarterContent/Textures/T_Brick_Clay_Beveled_M.uasset" 212
"../../../Pointman/Content/MobileStarterContent/Textures/T_Brick_Clay_Beveled_N.uasset" 213
"../../../Pointman/Content/MobileStarterContent/Materials/M_Brick_Clay_Beveled.uasset" 214
"../../../Pointman/Content/MobileStarterContent/Textures/T_Brick_Clay_New_D.uasset" 215
"../../../Pointman/Content/MobileStarterContent/Textures/T_Brick_Clay_New_M.uasset" 216
"../../../Pointman/Content/MobileStarterContent/Textures/T_Brick_Clay_New_N.uasset" 217
"../../../Pointman/Content/MobileStarterContent/Materials/M_Brick_Clay_New.uasset" 218
"../../../Pointman/Content/MobileStarterContent/Textures/T_Brick_Clay_Old_D.uasset" 219
"../../../Pointman/Content/MobileStarterContent/Textures/T_Brick_Clay_Old_N.uasset" 220
"../../../Pointman/Content/MobileStarterContent/Materials/M_Brick_Clay_Old.uasset" 221
"../../../Pointman/Content/MobileStarterContent/Textures/T_Brick_Cut_Stone_D.uasset" 222
"../../../Pointman/Content/MobileStarterContent/Textures/T_Brick_Cut_Stone_N.uasset" 223
"../../../Pointman/Content/MobileStarterContent/Materials/M_Brick_Cut_Stone.uasset" 224
"../../../Pointman/Content/MobileStarterContent/Textures/T_Brick_Hewn_Stone_D.uasset" 225
"../../../Pointman/Content/MobileStarterContent/Textures/T_Brick_Hewn_Stone_M.uasset" 226
"../../../Pointman/Content/MobileStarterContent/Textures/T_Brick_Hewn_Stone_N.uasset" 227
"../../../Pointman/Content/MobileStarterContent/Materials/M_Brick_Hewn_Stone.uasset" 228
"../../../Pointman/Content/MobileStarterContent/Textures/T_Ceramic_Tile_M.uasset" 229
"../../../Pointman/Content/MobileStarterContent/Textures/T_Ceramic_Tile_N.uasset" 230
"../../../Pointman/Content/MobileStarterContent/Textures/T_Rock_Marble_Polished_D.uasset" 231
"../../../Pointman/Content/MobileStarterContent/Materials/M_Ceramic_Tile_Checker.uasset" 232
"../../../Pointman/Content/MobileStarterContent/Textures/T_CobbleStone_Pebble_D.uasset" 233
"../../../Pointman/Content/MobileStarterContent/Textures/T_CobbleStone_Pebble_N.uasset" 234
"../../../Pointman/Content/MobileStarterContent/Materials/M_CobbleStone_Pebble.uasset" 235
"../../../Pointman/Content/MobileStarterContent/Textures/T_CobbleStone_Rough_D.uasset" 236
"../../../Pointman/Content/MobileStarterContent/Textures/T_CobbleStone_Rough_N.uasset" 237
"../../../Pointman/Content/MobileStarterContent/Materials/M_CobbleStone_Rough.uasset" 238
"../../../Pointman/Content/MobileStarterContent/Textures/T_CobbleStone_Smooth_D.uasset" 239
"../../../Pointman/Content/MobileStarterContent/Textures/T_CobbleStone_Smooth_M.uasset" 240
"../../../Pointman/Content/MobileStarterContent/Textures/T_CobbleStone_Smooth_N.uasset" 241
"../../../Pointman/Content/MobileStarterContent/Materials/M_CobbleStone_Smooth.uasset" 242
"../../../Pointman/Content/MobileStarterContent/Textures/T_Concrete_Grime_D.uasset" 243
"../../../Pointman/Content/MobileStarterContent/Textures/T_Metal_Rust_N.uasset" 244
"../../../Pointman/Content/MobileStarterContent/Materials/M_Concrete_Grime.uasset" 245
"../../../Pointman/Content/MobileStarterContent/Textures/T_Concrete_Panels_D.uasset" 246
"../../../Pointman/Content/MobileStarterContent/Textures/T_Concrete_Panels_N.uasset" 247
"../../../Pointman/Content/MobileStarterContent/Materials/M_Concrete_Panels.uasset" 248
"../../../Pointman/Content/MobileStarterContent/Textures/T_Concrete_Poured_D.uasset" 249
"../../../Pointman/Content/MobileStarterContent/Textures/T_Concrete_Poured_N.uasset" 250
"../../../Pointman/Content/MobileStarterContent/Materials/M_Concrete_Poured.uasset" 251
"../../../Pointman/Content/MobileStarterContent/Materials/M_Ground_Grass.uasset" 252
"../../../Pointman/Content/MobileStarterContent/Textures/T_Ground_Gravel_D.uasset" 253
"../../../Pointman/Content/MobileStarterContent/Textures/T_Ground_Gravel_N.uasset" 254
"../../../Pointman/Content/MobileStarterContent/Materials/M_Ground_Gravel.uasset" 255
"../../../Pointman/Content/MobileStarterContent/Textures/T_ground_Moss_D.uasset" 256
"../../../Pointman/Content/MobileStarterContent/Textures/T_Ground_Moss_N.uasset" 257
"../../../Pointman/Content/MobileStarterContent/Materials/M_Ground_Moss.uasset" 258
"../../../Pointman/Content/MobileStarterContent/Textures/T_MacroVariation.uasset" 259
"../../../Pointman/Content/MobileStarterContent/Materials/M_Metal_Brushed_Nickel.uasset" 260
"../../../Pointman/Content/MobileStarterContent/Materials/M_Metal_Chrome.uasset" 261
"../../../Pointman/Content/MobileStarterContent/Textures/T_Metal_Copper_D.uasset" 262
"../../../Pointman/Content/MobileStarterContent/Materials/M_Metal_Copper.uasset" 263
"../../../Pointman/Content/MobileStarterContent/Textures/T_Metal_Gold_D.uasset" 264
"../../../Pointman/Content/MobileStarterContent/Materials/M_Metal_Gold.uasset" 265
"../../../Pointman/Content/MobileStarterContent/Textures/T_Metal_Rust_D.uasset" 266
"../../../Pointman/Content/MobileStarterContent/Materials/M_Metal_Rust.uasset" 267
"../../../Pointman/Content/MobileStarterContent/Materials/M_Rock_Basalt.uasset" 268
"../../../Pointman/Content/MobileStarterContent/Materials/M_Rock_Marble_Polished.uasset" 269
"../../../Pointman/Content/MobileStarterContent/Materials/M_Rock_Sandstone.uasset" 270
"../../../Pointman/Content/MobileStarterContent/Textures/T_Rock_Slate_D.uasset" 271
"../../../Pointman/Content/MobileStarterContent/Textures/T_Rock_Slate_N.uasset" 272
"../../../Pointman/Content/MobileStarterContent/Materials/M_Rock_Slate.uasset" 273
"../../../Pointman/Content/MobileStarterContent/Textures/T_Checker_Noise_M.uasset" 274
"../../../Pointman/Content/MobileStarterContent/Textures/T_Single_Tile_N.uasset" 275
"../../../Pointman/Content/MobileStarterContent/Textures/T_Tech_Dot_M.uasset" 276
"../../../Pointman/Content/MobileStarterContent/Textures/T_Tech_Dot_N.uasset" 277
"../../../Pointman/Content/MobileStarterContent/Materials/M_Tech_Checker_Dot.uasset" 278
"../../../Pointman/Content/MobileStarterContent/Textures/T_Tech_Hex_Tile_M.uasset" 279
"../../../Pointman/Content/MobileStarterContent/Textures/T_Tech_Hex_Tile_N.uasset" 280
"../../../Pointman/Content/MobileStarterContent/Materials/M_Tech_Hex_Tile.uasset" 281
"../../../Pointman/Content/MobileStarterContent/Materials/M_Tech_Hex_Tile_Pulse.uasset" 282
"../../../Pointman/Content/MobileStarterContent/Textures/T_Tech_Panel_M.uasset" 283
"../../../Pointman/Content/MobileStarterContent/Textures/T_Tech_Panel_N.uasset" 284
"../../../Pointman/Content/MobileStarterContent/Materials/M_Tech_Panel.uasset" 285
"../../../Pointman/Content/MobileStarterContent/Textures/T_Water_N.uasset" 286
"../../../Pointman/Content/MobileStarterContent/Materials/M_Water_Lake.uasset" 287
"../../../Pointman/Content/MobileStarterContent/Textures/T_Water_M.uasset" 288
"../../../Pointman/Content/MobileStarterContent/Materials/M_Water_Ocean.uasset" 289
"../../../Pointman/Content/MobileStarterContent/Textures/T_Wood_Floor_Walnut_D.uasset" 290
"../../../Pointman/Content/MobileStarterContent/Textures/T_Wood_Floor_Walnut_M.uasset" 291
"../../../Pointman/Content/MobileStarterContent/Textures/T_Wood_Floor_Walnut_N.uasset" 292
"../../../Pointman/Content/MobileStarterContent/Materials/M_Wood_Floor_Walnut_Polished.uasset" 293
"../../../Pointman/Content/MobileStarterContent/Materials/M_Wood_Floor_Walnut_Worn.uasset" 294
"../../../Pointman/Content/MobileStarterContent/Textures/T_Wood_Oak_D.uasset" 295
"../../../Pointman/Content/MobileStarterContent/Textures/T_Wood_Oak_N.uasset" 296
"../../../Pointman/Content/MobileStarterContent/Materials/M_Wood_Oak.uasset" 297
"../../../Pointman/Content/MobileStarterContent/Textures/T_Wood_Pine_D.uasset" 298
"../../../Pointman/Content/MobileStarterContent/Textures/T_Wood_Pine_N.uasset" 299
"../../../Pointman/Content/MobileStarterContent/Materials/M_Wood_Pine.uasset" 300
"../../../Pointman/Content/MobileStarterContent/Textures/T_Wood_Walnut_D.uasset" 301
"../../../Pointman/Content/MobileStarterContent/Textures/T_Wood_Walnut_N.uasset" 302
"../../../Pointman/Content/MobileStarterContent/Materials/M_Wood_Walnut.uasset" 303
"../../../Pointman/Content/MobileStarterContent/Materials/M_Basic_Wall.uasset" 304
"../../../Pointman/Content/MobileStarterContent/Architecture/Wall_400x200.uasset" 305
"../../../Pointman/Content/MobileStarterContent/Architecture/Wall_Door_400x300.uasset" 306
"../../../Pointman/Content/MobileStarterContent/Architecture/Wall_Window_400x300.uasset" 307
"../../../Pointman/Content/MobileStarterContent/Audio/Collapse01.uasset" 308
"../../../Pointman/Content/MobileStarterContent/Audio/Collapse02.uasset" 309
"../../../Pointman/Content/MobileStarterContent/Audio/Collapse_Cue.uasset" 310
"../../../Pointman/Content/MobileStarterContent/Audio/Starter_Birds01.uasset" 311
"../../../Pointman/Content/MobileStarterContent/Audio/Starter_Wind05.uasset" 312
"../../../Pointman/Content/MobileStarterContent/Audio/Starter_Wind06.uasset" 313
"../../../Pointman/Content/MobileStarterContent/Audio/Starter_Background_Cue.uasset" 314
"../../../Pointman/Content/MobileStarterContent/Audio/Starter_Music01.uasset" 315
"../../../Pointman/Content/MobileStarterContent/Audio/Starter_Music_Cue.uasset" 316
"../../../Pointman/Content/MobileStarterContent/Textures/T_Dust_Particle_D.uasset" 317
"../../../Pointman/Content/MobileStarterContent/Particles/Materials/M_Dust_Particle.uasset" 318
"../../../Pointman/Content/MobileStarterContent/Particles/P_Ambient_Dust.uasset" 319
"../../../Pointman/Content/MobileStarterContent/Props/MaterialSphere.uasset" 320
"../../../Pointman/Content/MobileStarterContent/Props/SM_CornerFrame.uasset" 321
"../../../Pointman/Content/MobileStarterContent/Props/SM_DoorFrame.uasset" 322
"../../../Pointman/Content/MobileStarterContent/Props/SM_GlassWindow.uasset" 323
"../../../Pointman/Content/MobileStarterContent/Props/SM_PillarFrame.uasset" 324
"../../../Pointman/Content/MobileStarterContent/Props/SM_PillarFrame300.uasset" 325
"../../../Pointman/Content/MobileStarterContent/Props/SM_WindowFrame.uasset" 326
"../../../Pointman/Content/MobileStarterContent/Shapes/Shape_Cube.uasset" 327
"../../../Pointman/Content/MobileStarterContent/Shapes/Shape_QuadPyramid.uasset" 328
"../../../Pointman/Content/MobileStarterContent/Shapes/Shape_Sphere.uasset" 329
"../../../Pointman/Content/MobileStarterContent/Maps/StarterMap.umap" 330
"../../../Engine/Content/EngineFonts/Roboto.uasset" 331
"../../../Engine/Content/Functions/Engine_MaterialFunctions01/Shading/PowerToRoughness.uasset" 332
"../../../Engine/Content/Functions/Engine_MaterialFunctions01/Shading/ConvertFromDiffSpec.uasset" 333
"../../../Engine/Content/EngineMaterials/DefaultDeferredDecalMaterial.uasset" 334
"../../../Engine/Content/EngineMaterials/DefaultLightFunctionMaterial.uasset" 335
"../../../Engine/Content/Functions/Engine_MaterialFunctions02/Utility/BreakOutFloat2Components.uasset" 336
"../../../Engine/Content/EngineMaterials/DefaultPostProcessMaterial.uasset" 337
"../../../Engine/Content/EngineResources/DefaultTexture.uasset" 338
"../../../Engine/Content/Functions/Engine_MaterialFunctions02/Texturing/ScreenAlignedUVs.uasset" 339
"../../../Engine/Content/EngineResources/WhiteSquareTexture.uasset" 340
"../../../Engine/Content/EngineMaterials/Widget3DPassThrough.uasset" 341
"../../../Engine/Content/EngineMaterials/Widget3DPassThrough_Translucent.uasset" 342
"../../../Engine/Content/EngineMaterials/Widget3DPassThrough_Translucent_OneSided.uasset" 343
"../../../Engine/Content/EngineMaterials/Widget3DPassThrough_Opaque.uasset" 344
"../../../Engine/Content/EngineMaterials/Widget3DPassThrough_Opaque_OneSided.uasset" 345
"../../../Engine/Content/EngineMaterials/Widget3DPassThrough_Masked.uasset" 346
"../../../Engine/Content/EngineMaterials/Widget3DPassThrough_Masked_OneSided.uasset" 347
"../../../Engine/Content/EditorResources/S_Actor.uasset" 348
"../../../Engine/Content/Maps/Templates/Thumbnails/Default.uasset" 349
"../../../Engine/Content/EditorMaterials/ParticleSystems/PSysThumbnail_NoImage.uasset" 350
"../../../Engine/Content/EditorMaterials/ParticleSystems/PSysThumbnail_OOD.uasset" 351
"../../../Engine/Content/EditorLandscapeResources/DataLayer.uasset" 352
"../../../Engine/Content/EngineDamageTypes/DmgTypeBP_Environmental.uasset" 353
"../../../Engine/Content/EngineMeshes/Sphere.uasset" 354
"../../../Engine/Content/EngineMaterials/DefaultTextMaterialOpaque.uasset" 355
"../../../Engine/Content/EditorResources/S_Trigger.uasset" 356
"../../../Engine/Content/EngineResources/GradientTexture0.uasset" 357
"../../../Engine/Content/EngineResources/Black.uasset" 358
"../../../Engine/Content/EditorMaterials/MatineeGroups/MAT_Groups_Float.uasset" 359
"../../../Engine/Content/EditorMaterials/MatineeGroups/MAT_Groups_Director.uasset" 360
"../../../Engine/Content/EditorMaterials/MatineeGroups/MAT_Groups_Event.uasset" 361
"../../../Engine/Content/EditorMaterials/MatineeGroups/MAT_Groups_Anim.uasset" 362
"../../../Engine/Content/EditorMaterials/MatineeGroups/MAT_Groups_Fade.uasset" 363
"../../../Engine/Content/EditorMaterials/MatineeGroups/MAT_Groups_Move.uasset" 364
"../../../Engine/Content/EditorMaterials/MatineeGroups/MAT_Groups_Slomo.uasset" 365
"../../../Engine/Content/EditorMaterials/MatineeGroups/MAT_ColorTrack.uasset" 366
"../../../Engine/Content/EditorMaterials/MAT_Groups_Toggle.uasset" 367
"../../../Engine/Content/EditorMaterials/MatineeGroups/MAT_Groups_AudioMaster.uasset" 368
"../../../Engine/Content/EditorMaterials/MatineeGroups/MAT_Groups_Sound.uasset" 369
"../../../Engine/Content/EditorMaterials/MatineeGroups/MAT_Groups_Vector.uasset" 370
"../../../Engine/Content/EditorMaterials/MAT_Groups_Visibility.uasset" 371
"../../../Engine/Content/EngineResources/DefaultTextureCube.uasset" 372
"../../../Engine/Content/EngineMeshes/Cylinder.uasset" 373
"../../../Engine/Content/EngineTireTypes/DefaultTireType.uasset" 374
"../../../Engine/Content/EngineResources/AICON-Red.uasset" 375
"../../../Engine/Content/EngineResources/AICON-Green.uasset" 376
"../../../Engine/Content/Tutorial/Basics/LevelEditorAttract.uasset" 377
"../../../Engine/Content/Tutorial/Basics/TutorialAssets/icon_tab_Levels_40x.uasset" 378
"../../../Engine/Content/Tutorial/Basics/LevelEditorOverview.uasset" 379
"../../../Engine/Content/Tutorial/Mobile/TutorialAssets/android_Icon.uasset" 380
"../../../Engine/Content/Tutorial/Mobile/SettingUpAndroidTutorial.uasset" 381
"../../../Engine/Content/Tutorial/ContentIntroCurve.uasset" 382
"../../../Engine/Plugins/2D/Paper2D/Content/PlaceholderTextures/DummySpriteTexture.uasset" 383
"../../../Engine/Plugins/2D/Paper2D/Content/DefaultSpriteMaterial.uasset" 384
"../../../Engine/Plugins/2D/Paper2D/Content/MaskedUnlitSpriteMaterial.uasset" 385
"../../../Engine/Plugins/2D/Paper2D/Content/OpaqueUnlitSpriteMaterial.uasset" 386
"../../../Engine/Plugins/2D/Paper2D/Content/DummySpriteTexture.uasset" 387
"../../../Engine/Plugins/2D/Paper2D/Content/DummySprite.uasset" 388
"../../../Engine/Plugins/2D/Paper2D/Content/DefaultPaperTerrainMaterial.uasset" 389
"../../../Engine/Content/EngineMaterials/RemoveSurfaceMaterial.uasset" 390
"../../../Engine/Content/EngineDebugMaterials/DebugMeshMaterial.uasset" 391
"../../../Engine/Content/EngineMaterials/InvalidLightmapSettings.uasset" 392
"../../../Engine/Content/EngineMaterials/M_InvalidLightmapSettings.uasset" 393
"../../../Engine/Content/EditorMaterials/GizmoMaterial.uasset" 394
"../../../Engine/Content/EngineMaterials/Good64x64TilingNoiseHighFreq.uasset" 395
"../../../Engine/Content/EngineMaterials/DefaultBokeh.uasset" 396
"../../../Engine/Content/EngineMaterials/PreintegratedSkinBRDF.uasset" 397
"../../../Engine/Content/EngineMaterials/MiniFont.uasset" 398
"../../../Engine/Content/EngineMaterials/WeightMapPlaceholderTexture.uasset" 399
"../../../Engine/Content/EngineMaterials/DefaultWhiteGrid.uasset" 400
"../../../Engine/Content/EngineFonts/RobotoTiny.uasset" 401
"../../../Engine/Content/MobileResources/HUD/MobileHUDButton2_off.uasset" 402
"../../../Pointman/Content/HUD.uasset" 403
"../../../Pointman/Content/FirstPerson/Meshes/BaseMaterial.uasset" 404
"../../../Pointman/Content/FirstPerson/Meshes/CubeMaterialOverride.uasset" 405
"../../../Engine/Content/EditorResources/S_TextRenderActorIcon.uasset" 406
"../../../Pointman/Content/InfoText.uasset" 407
"../../../Pointman/Content/MainMenu.uasset" 408
"../../../Engine/Content/MobileResources/T_MobileControls_texture.uasset" 409
"../../../Engine/Content/MobileResources/HUD/MobileHUDButton1_on.uasset" 410
"../../../Pointman/Content/FirstPerson/Textures/Custom_textures/missile2_backend.uasset" 411
"../../../Pointman/Content/FirstPerson/Textures/Custom_textures/missile2_red.uasset" 412
"../../../Pointman/Content/FirstPerson/Textures/Custom_textures/missile2_red2.uasset" 413
"../../../Pointman/Content/FirstPerson/Textures/Custom_textures/missile2_white.uasset" 414
"../../../Pointman/Content/FirstPerson/Textures/Pointman_Missile2_Prototype_1.uasset" 415
"../../../Pointman/Content/FPWeapon/Materials/MaterialLayers/ML_Plastic_Shiny_Beige.uasset" 416
"../../../Pointman/Content/FPWeapon/Materials/MaterialLayers/ML_Plastic_Shiny_Beige_LOGO.uasset" 417
"../../../Pointman/Content/FirstPerson/Textures/heightmap.uasset" 418
"../../../Pointman/Content/FPWeapon/Materials/MaterialLayers/T_ML_Aluminum01.uasset" 419
"../../../Pointman/Content/FPWeapon/Materials/MaterialLayers/T_ML_Rubber_Blue_01_N.uasset" 420
"../../../Pointman/Content/FirstPerson/FPWeapon/Materials/MaterialLayers/T_ML_Rubber_Blue_01_D.uasset" 421
"../../../Pointman/Content/FirstPerson/FPWeapon/Materials/MaterialLayers/T_ML_Rubber_Blue_01_N.uasset" 422
"../../../Pointman/Content/FirstPerson/FPWeapon/Materials/MaterialLayers/ML_GlossyBlack_Latex_UE4.uasset" 423
"../../../Pointman/Content/FirstPerson/FPWeapon/Materials/MaterialLayers/ML_Plastic_Shiny_Beige.uasset" 424
"../../../Pointman/Content/FirstPerson/FPWeapon/Materials/MaterialLayers/ML_Screen.uasset" 425
"../../../Pointman/Content/FirstPerson/FPWeapon/Materials/MaterialLayers/T_ML_Aluminum01.uasset" 426
"../../../Pointman/Content/FirstPerson/FPWeapon/Materials/MaterialLayers/T_ML_Aluminum01_N.uasset" 427
"../../../Pointman/Content/FirstPerson/FPWeapon/Materials/MaterialLayers/ML_SoftMetal_UE4.uasset" 428
"../../../Pointman/Content/FirstPerson/FPWeapon/Textures/T_FPGun_M.uasset" 429
"../../../Pointman/Content/FirstPerson/FPWeapon/Textures/T_FPGun_N.uasset" 430
"../../../Pointman/Content/FirstPerson/FPWeapon/Materials/M_FPGun.uasset" 431
"../../../Pointman/Content/FirstPerson/FPWeapon/Mesh/SK_FPGun.uasset" 432
"../../../Pointman/Content/FirstPerson/FPWeapon/Mesh/SK_FPGun_Skeleton.uasset" 433
"../../../Pointman/Content/FPWeapon/Mesh/SK_FPGun.uasset" 434
"../../../Pointman/Content/FPWeapon/Mesh/SK_FPGun_PhysicsAsset.uasset" 435
"../../../Pointman/Content/MobileStarterContent/Particles/P_Trail.uasset" 436
"../../../Pointman/Content/MobileStarterContent/Textures/T_Bush_D.uasset" 437
"../../../Pointman/Content/MobileStarterContent/Textures/T_Bush_N.uasset" 438
"../../../Pointman/Content/MobileStarterContent/Props/Materials/M_Bush.uasset" 439
"../../../Pointman/Content/MobileStarterContent/Props/SM_Bush.uasset" 440
"../../../Pointman/Content/MobileStarterContent/Props/SM_Couch.uasset" 441
"../../../Pointman/Content/MobileStarterContent/Textures/T_Door_M.uasset" 442
"../../../Pointman/Content/MobileStarterContent/Textures/T_Door_N.uasset" 443
"../../../Pointman/Content/MobileStarterContent/Props/Materials/M_Door.uasset" 444
"../../../Pointman/Content/MobileStarterContent/Props/SM_Door.uasset" 445
"../../../Pointman/Content/MobileStarterContent/Props/Materials/M_MaterialSphere.uasset" 446
"../../../Pointman/Content/MobileStarterContent/Props/Materials/M_MaterialSphere_Plain.uasset" 447
"../../../Pointman/Content/MobileStarterContent/Props/SM_MatPreviewMesh_02.uasset" 448
"../../../Pointman/Content/MobileStarterContent/Textures/T_RockMesh_M.uasset" 449
"../../../Pointman/Content/MobileStarterContent/Textures/T_RockMesh_N.uasset" 450
"../../../Pointman/Content/MobileStarterContent/Props/Materials/M_Rock.uasset" 451
"../../../Pointman/Content/MobileStarterContent/Props/SM_Rock.uasset" 452
"../../../Pointman/Content/MobileStarterContent/Props/SM_Shelf.uasset" 453
"../../../Pointman/Content/MobileStarterContent/Props/SM_Stairs.uasset" 454
"../../../Engine/Content/EditorResources/EmptyActor.uasset" 455
"../../../Engine/Content/EditorResources/AudioIcons/S_AudioComponent_AutoActivate.uasset" 456
"../../../Engine/Content/EditorResources/AudioIcons/S_AudioComponent.uasset" 457
"../../../Engine/Content/MobileResources/HUD/MobileHUDButton3.uasset" 458
"../../../Engine/Content/MobileResources/T_MobileMenu2.uasset" 459
"../../../Pointman/Content/FirstPerson/Textures/Back_Button_text.uasset" 460
"../../../Pointman/Content/FirstPerson/FPWeapon/Materials/MaterialLayers/T_ML_FineRubber.uasset" 461
"../../../Engine/Content/MobileResources/HUD/VirtualJoystick_Background.uasset" 462
"../../../Engine/Content/MobileResources/HUD/VirtualJoystick_Thumb.uasset" 463
"../../../Engine/Content/MobileResources/HUD/LeftVirtualJoystickOnly.uasset" 464
"../../../Pointman/Content/FirstPerson/FPWeapon/Mesh/turret_metal.uasset" 465
"../../../Pointman/Content/FirstPerson/Audio/death.uasset" 466
"../../../Pointman/Content/FirstPerson/Animations/FirstPerson_Fire.uasset" 467
"../../../Pointman/Content/FirstPerson/Animations/FirstPersonFire_Montage.uasset" 468
"../../../Pointman/Content/FirstPerson/Textures/missile_blue.uasset" 469
"../../../Pointman/Content/Start_Button_Blueprint.uasset" 470
"../../../Pointman/Content/StartText.uasset" 471
"../../../Pointman/Content/PmanText.uasset" 472
"../../../Pointman/Content/OptionsText.uasset" 473
"../../../Pointman/Content/FirstPerson/Particles/P_Sparks.uasset" 474
"../../../Pointman/Content/FirstPerson/FPWeapon/Materials/MaterialLayers/ML_Plastic_Shiny_Beige_LOGO.uasset" 475
"../../../Pointman/Content/FirstPerson/Textures/Pointman_Jet_Prototype_1_outUV.uasset" 476
"../../../Pointman/Content/FPWeapon/Mesh/SK_FPGun_Skeleton.uasset" 477
"../../../Pointman/Content/FPWeapon/Materials/MaterialLayers/T_ML_Rubber_Blue_01_D.uasset" 478
"../../../Pointman/Content/MobileStarterContent/Shapes/Shape_WideCapsule.uasset" 479
"../../../Pointman/Content/MobileStarterContent/Shapes/Shape_Wedge_B.uasset" 480
"../../../Pointman/Content/MobileStarterContent/Shapes/Shape_Wedge_A.uasset" 481
"../../../Pointman/Content/MobileStarterContent/Shapes/Shape_Tube.uasset" 482
"../../../Pointman/Content/MobileStarterContent/Shapes/Shape_TriPyramid.uasset" 483
"../../../Pointman/Content/FPWeapon/Materials/MaterialLayers/ML_Screen.uasset" 484
"../../../Pointman/Content/FirstPerson/Textures/Pointman_Jet_Prototype_1.uasset" 485
"../../../Engine/Content/MobileResources/HUD/T_Castle_ThumbstickOutter.uasset" 486
"../../../Engine/Content/MobileResources/HUD/MobileHUDButtonFire.uasset" 487
"../../../Pointman/Content/FPWeapon/Materials/MaterialLayers/T_ML_FineRubber.uasset" 488
"../../../Engine/Content/MobileResources/HUD/T_Castle_ThumbstickInner.uasset" 489
"../../../Engine/Content/MobileResources/HUD/MobileHUDButton2_on.uasset" 490
"../../../Pointman/Content/MobileStarterContent/Textures/T_Burst_M.uasset" 491
"../../../Pointman/Content/MobileStarterContent/Particles/Materials/M_Burst.uasset" 492
"../../../Pointman/Content/MobileStarterContent/Textures/T_Explosion_SubUV.uasset" 493
"../../../Pointman/Content/MobileStarterContent/Particles/Materials/M_explosion_subUV.uasset" 494
"../../../Pointman/Content/MobileStarterContent/Particles/Materials/m_flare_01.uasset" 495
"../../../Pointman/Content/MobileStarterContent/Particles/Materials/M_radial_ramp.uasset" 496
"../../../Pointman/Content/FirstPerson/Particles/P_Explosion.uasset" 497
"../../../Engine/Content/MobileResources/HUD/MobileHUDDirectionStick.uasset" 498
"../../../Engine/Content/MobileResources/HUD/MobileHUDButton1_off.uasset" 499
"../../../Pointman/Content/MobileStarterContent/Textures/T_Rock_Smooth_Granite_D.uasset" 500
"../../../Pointman/Content/MobileStarterContent/Textures/T_Perlin_Noise_M.uasset" 501
"../../../Pointman/Content/MobileStarterContent/Textures/T_Gradinet_01.uasset" 502
"../../../Pointman/Content/MobileStarterContent/Textures/T_CobbleStone_Pebble_M.uasset" 503
"../../../Engine/Content/MobileResources/HUD/MobileHUDDirectionPad.uasset" 504
"../../../Pointman/Content/FPWeapon/Materials/MaterialLayers/ML_SoftMetal_UE4.uasset" 505
"../../../Engine/Content/MobileResources/HUD/MobileHUDDirectionPad2.uasset" 506
"../../../Pointman/Content/MobileStarterContent/Textures/T_Detail_Rocky_N.uasset" 507
"../../../Pointman/Content/FPWeapon/Materials/MaterialLayers/T_ML_Aluminum01_N.uasset" 508
"../../../Engine/Content/EditorMaterials/PhAT_JointLimitMaterial.uasset" 509
"../../../Engine/Content/EditorMaterials/PreviewShadowIndicator.uasset" 510
"../../../Engine/Content/EditorMaterials/PreviewShadowIndicatorMaterial.uasset" 511
"../../../Engine/Content/EditorMeshes/ColorCalibrator/M_ChromeBall.uasset" 512
"../../../Engine/Content/EditorMeshes/ColorCalibrator/M_ClearCoat.uasset" 513
"../../../Engine/Content/EditorMeshes/ColorCalibrator/M_ClearCoatBlack.uasset" 514
"../../../Engine/Content/EditorMeshes/ColorCalibrator/T_ColorGrid.uasset" 515
"../../../Engine/Content/EditorMeshes/ColorCalibrator/M_ColorGrid.uasset" 516
"../../../Engine/Content/EditorMeshes/ColorCalibrator/M_GreyBall.uasset" 517
"../../../Engine/Content/EditorMeshes/ColorCalibrator/SM_ColorCalibrator.uasset" 518
"../../../Engine/Content/EditorResources/BSPVertex.uasset" 519
"../../../Engine/Content/EngineDebugMaterials/HeatmapGradient.uasset" 520
"../../../Engine/Content/EngineDebugMaterials/BoneWeightMaterial.uasset" 521
"../../../Engine/Content/EngineDebugMaterials/GeomMaterial.uasset" 522
"../../../Engine/Content/EngineMaterials/EditorBrushMaterial.uasset" 523
"../../../Engine/Content/MobileResources/HUD/AnalogHat.uasset" 524
"../../../Engine/Content/MobileResources/HUD/DefaultVirtualJoysticks.uasset" 525
"../../../Engine/Content/MobileResources/HUD/MobileHUDDirectionPad3.uasset" 526
"../../../Engine/Content/Tutorial/BlueprintTutorials/TutorialAssets/Blueprint_64x.uasset" 527
"../../../Engine/Content/Tutorial/BlueprintTutorials/BlueprintEditorTutorial.uasset" 528
"../../../Engine/Content/Tutorial/BlueprintTutorials/TutorialAssets/BlueprintInterface_64x.uasset" 529
"../../../Engine/Content/Tutorial/BlueprintTutorials/TutorialAssets/Tutorial_BP_Interface.uasset" 530
"../../../Engine/Content/Tutorial/BlueprintTutorials/BlueprintInterfacesEditorOverview.uasset" 531
"../../../Engine/Content/Tutorial/BlueprintTutorials/TutorialAssets/BlueprintMacroLibrary_64x.uasset" 532
"../../../Engine/Content/Tutorial/BlueprintTutorials/TutorialAssets/Tutorial_BP_MacroLib.uasset" 533
"../../../Engine/Content/Tutorial/BlueprintTutorials/BlueprintMacroLibrariesEditorOverview.uasset" 534
"../../../Engine/Content/Tutorial/BlueprintTutorials/LevelBlueprintEditorOverview.uasset" 535
"../../../Engine/Content/Tutorial/Foliage/TutorialAssets/Foliage.uasset" 536
"../../../Engine/Content/Tutorial/Foliage/Foliage_Settings_Tutorial.uasset" 537
"../../../Engine/Content/Tutorial/Foliage/Foliage_Using_The_Tool_Tutorial.uasset" 538
"../../../Engine/Content/Tutorial/Foliage/Foliage_Intro_Tutorial.uasset" 539
"../../../Engine/Content/Tutorial/Landscape/TutorialAssets/Landscape.uasset" 540
"../../../Engine/Content/Tutorial/Landscape/Landscape_Painting_Mode.uasset" 541
"../../../Engine/Content/Tutorial/Landscape/Landscape_Sculpt_Mode.uasset" 542
"../../../Engine/Content/Tutorial/Landscape/Landscape_Manage_Mode.uasset" 543
"../../../Engine/Content/Tutorial/Paper2D/TutorialAssets/Paper2DFlipbook_TutorialIcon.uasset" 544
"../../../Engine/Content/Tutorial/Paper2D/FlipbookEditorTutorial.uasset" 545
"../../../Engine/Content/Tutorial/Paper2D/TutorialAssets/Paper2DSprite_TutorialIcon.uasset" 546
"../../../Engine/Content/Tutorial/Paper2D/SpriteEditorTutorial.uasset" 547
"../../../Engine/Content/EditorMeshes/EditorCube.uasset" 548
"../../../Engine/Content/Tutorial/SubEditors/TutorialAssets/Tutorial_DM.uasset" 549
"../../../Engine/Content/Tutorial/SubEditors/DestructibleMeshEditorTutorial.uasset" 550
"../../../Engine/Content/Tutorial/SubEditors/TutorialAssets/TutorialMaterial.uasset" 551
"../../../Engine/Content/Tutorial/SubEditors/MaterialEditorTutorial.uasset" 552
"../../../Engine/Content/Tutorial/SubEditors/TutorialAssets/T_SmokeSubUV_8X8.uasset" 553
"../../../Engine/Content/Tutorial/SubEditors/TutorialAssets/T_soft_smoke.uasset" 554
"../../../Engine/Content/Tutorial/SubEditors/TutorialAssets/M_smoke_subUV_blackbody.uasset" 555
"../../../Engine/Content/Tutorial/SubEditors/TutorialAssets/TutorialParticleSystem.uasset" 556
"../../../Engine/Content/Tutorial/SubEditors/ParticleSystemEditorTutorial.uasset" 557
"../../../Engine/Content/Tutorial/SubEditors/TutorialAssets/icon_ShowSkeletalMeshes_40x.uasset" 558
"../../../Engine/Content/Tutorial/SubEditors/TutorialAssets/Character/TutorialTPP_Mat.uasset" 559
"../../../Engine/Content/Tutorial/SubEditors/TutorialAssets/Character/TutorialTPP_PhysicsAsset.uasset" 560
"../../../Engine/Content/Tutorial/SubEditors/TutorialAssets/Character/TutorialTPP.uasset" 561
"../../../Engine/Content/Tutorial/SubEditors/TutorialAssets/Character/TutorialTPP_Skeleton.uasset" 562
"../../../Engine/Content/Tutorial/SubEditors/TutorialAssets/Character/Tutorial_Idle.uasset" 563
"../../../Engine/Content/Tutorial/SubEditors/TutorialAssets/Character/Tutorial_Walk_Fwd.uasset" 564
"../../../Engine/Content/Tutorial/SubEditors/TutorialAssets/Character/NewBlendSpace1D.uasset" 565
"../../../Engine/Content/Tutorial/SubEditors/TutorialAssets/Character/TutorialCharacter.uasset" 566
"../../../Engine/Content/Tutorial/SubEditors/TutorialAssets/Character/TutorialTPP_AnimBlueprint.uasset" 567
"../../../Engine/Content/Tutorial/SubEditors/PersonaAnimBlueprintEditorWalkthrough.uasset" 568
"../../../Engine/Content/Tutorial/SubEditors/PersonaAnimEditorWalkthrough.uasset" 569
"../../../Engine/Content/EngineMeshes/Cube.uasset" 570
"../../../Engine/Content/Tutorial/SubEditors/StaticMeshEditorTutorial.uasset" 571
"../../../Engine/Content/Tutorial/SubEditors/TutorialAssets/icon_Editor_Preferences_General_40x.uasset" 572
"../../../Pointman/Content/FirstPerson/FPWeapon/Mesh/lambert1.uasset" 573
"../../../Pointman/Content/FirstPerson/FPWeapon/Mesh/SK_FPGun_PhysicsAsset.uasset" 574
"../../../Pointman/Content/FirstPerson/FPWeapon/Mesh/turret.uasset" 575
"../../../Pointman/Content/FirstPerson/Textures/Pointman_Missile_Prototype_1_outUV.uasset" 576
"../../../Pointman/Content/FirstPerson/Textures/Custom_textures/missile_backend.uasset" 577
"../../../Pointman/Content/FirstPerson/Textures/Pointman_Missile_Prototype_2.uasset" 578
"../../../Pointman/Content/FirstPerson/Textures/Custom_textures/Back_Transparency.uasset" 579
"../../../Pointman/Content/FirstPerson/Textures/Custom_textures/blinn1.uasset" 580
"../../../Pointman/Content/FirstPerson/Textures/Custom_textures/tank_temp_armor.uasset" 581
"../../../Pointman/Content/FirstPerson/Textures/Custom_textures/tank_temp_tread.uasset" 582
"../../../Pointman/Content/FirstPersonBP/FirstPersonOverview.uasset" 583
"../../../Engine/Content/BasicShapes/BasicShapeMaterial.uasset" 584
"../../../Engine/Content/BasicShapes/Sphere.uasset" 585
"../../../Pointman/Content/FirstPersonBP/Blueprints/EnemySpawner_Blueprint.uasset" 586
"../../../Pointman/Content/FirstPersonBP/Blueprints/FirstPersonGameMode.uasset" 587
"../../../Pointman/Content/FirstPerson/Meshes/FirstPersonProjectileMaterial.uasset" 588
"../../../Pointman/Content/FirstPerson/Meshes/FirstPersonProjectileMesh.uasset" 589
"../../../Pointman/Content/FirstPersonBP/Blueprints/FirstPersonProjectile.uasset" 590
"../../../Pointman/Content/FirstPersonBP/Blueprints/EnemyAI.uasset" 591
"../../../Pointman/Content/FirstPersonBP/Blueprints/TestEnemy.uasset" 592
"../../../Pointman/Content/FirstPersonBP/Blueprints/Jet.uasset" 593
"../../../Pointman/Content/FirstPersonBP/Blueprints/Save_Game.uasset" 594
"../../../Pointman/Content/FPWeapon/Materials/M_FPGun.uasset" 595
"../../../Pointman/Content/FPWeapon/Materials/MaterialLayers/ML_GlossyBlack_Latex_UE4.uasset" 596
"../../../Pointman/Content/FPWeapon/Textures/T_FPGun_M.uasset" 597
"../../../Pointman/Content/FPWeapon/Textures/T_FPGun_N.uasset" 598
"../../../Pointman/Content/Geometry/Meshes/1M_Cube_Chamfer.uasset" 599
"../../../Pointman/Content/Geometry/Meshes/TemplateFloor.uasset" 600
"../../../Pointman/Content/MobileStarterContent/Architecture/Pillar_50x500.uasset" 601
"../../../Pointman/Content/MobileStarterContent/Architecture/Wall_400x300.uasset" 602
"../../../Pointman/Content/MobileStarterContent/Architecture/Wall_400x400.uasset" 603
"../../../Pointman/Content/MobileStarterContent/Architecture/Wall_500x500.uasset" 604
"../../../Pointman/Content/MobileStarterContent/Architecture/Wall_Door_400x400.uasset" 605
"../../../Pointman/Content/MobileStarterContent/Architecture/Wall_Window_400x400.uasset" 606
"../../../Pointman/Content/MobileStarterContent/Audio/Light01.uasset" 607
"../../../Pointman/Content/MobileStarterContent/Audio/Light01_Cue.uasset" 608
"../../../Pointman/Content/MobileStarterContent/Audio/Light02.uasset" 609
"../../../Pointman/Content/MobileStarterContent/Audio/Light02_Cue.uasset" 610
"../../../Pointman/Content/MobileStarterContent/Audio/Steam01.uasset" 611
"../../../Pointman/Content/MobileStarterContent/Audio/Steam01_Cue.uasset" 612
"../../../Pointman/Content/MobileStarterContent/Audio/Explosion01.uasset" 613
"../../../Pointman/Content/MobileStarterContent/Audio/Explosion02.uasset" 614
"../../../Pointman/Content/MobileStarterContent/Audio/Explosion_Cue.uasset" 615
"../../../Pointman/Content/MobileStarterContent/Particles/P_Explosion.uasset" 616
"../../../Pointman/Content/MobileStarterContent/Blueprints/Blueprint_Effect_Explosion.uasset" 617
"../../../Pointman/Content/MobileStarterContent/Shapes/Shape_Cone.uasset" 618
"../../../Pointman/Content/MobileStarterContent/Shapes/Shape_Cylinder.uasset" 619
"../../../Pointman/Content/MobileStarterContent/Shapes/Shape_NarrowCapsule.uasset" 620
"../../../Pointman/Content/MobileStarterContent/Shapes/Shape_Pipe.uasset" 621
"../../../Pointman/Content/MobileStarterContent/Shapes/Shape_Pipe_180.uasset" 622
"../../../Pointman/Content/MobileStarterContent/Shapes/Shape_Pipe_90.uasset" 623
"../../../Pointman/Content/MobileStarterContent/Shapes/Shape_Plane.uasset" 624
"../../../Pointman/Content/MobileStarterContent/Shapes/Shape_Torus.uasset" 625
"../../../Pointman/Content/MobileStarterContent/Shapes/Shape_Trim.uasset" 626
"../../../Pointman/Content/MobileStarterContent/Shapes/Shape_Trim_90_In.uasset" 627
"../../../Pointman/Content/MobileStarterContent/Shapes/Shape_Trim_90_Out.uasset" 628
"../../../Pointman/Content/MobileStarterContent/Textures/T_Concrete_Tiles_Variation_M.uasset" 629
